2025-04-19T16:01:49.315+05:30  INFO 896 --- [demo;] [main] com.example.Lab10.Lab10Application       : Starting Lab10Application using Java 22.0.2 with PID 896 (C:\Users\Arko\Desktop\LOCKED IN IFT LAB\Lab10\target\classes started by Arko in C:\Users\Arko\Desktop\LOCKED IN IFT LAB\Lab10)
2025-04-19T16:01:49.321+05:30  INFO 896 --- [demo;] [main] com.example.Lab10.Lab10Application       : No active profile set, falling back to 1 default profile: "default"
2025-04-19T16:01:50.131+05:30  INFO 896 --- [demo;] [main] .s.d.r.c.RepositoryConfigurationDelegate : Bootstrapping Spring Data JPA repositories in DEFAULT mode.
2025-04-19T16:01:50.188+05:30  INFO 896 --- [demo;] [main] .s.d.r.c.RepositoryConfigurationDelegate : Finished Spring Data repository scanning in 48 ms. Found 1 JPA repository interface.
2025-04-19T16:01:50.732+05:30  INFO 896 --- [demo;] [main] o.s.b.w.embedded.tomcat.TomcatWebServer  : Tomcat initialized with port 8080 (http)
2025-04-19T16:01:50.750+05:30  INFO 896 --- [demo;] [main] o.apache.catalina.core.StandardService   : Starting service [Tomcat]
2025-04-19T16:01:50.750+05:30  INFO 896 --- [demo;] [main] o.apache.catalina.core.StandardEngine    : Starting Servlet engine: [Apache Tomcat/10.1.39]
2025-04-19T16:01:50.831+05:30  INFO 896 --- [demo;] [main] o.a.c.c.C.[Tomcat].[localhost].[/]       : Initializing Spring embedded WebApplicationContext
2025-04-19T16:01:50.831+05:30  INFO 896 --- [demo;] [main] w.s.c.ServletWebServerApplicationContext : Root WebApplicationContext: initialization completed in 1455 ms
2025-04-19T16:01:51.085+05:30 DEBUG 896 --- [demo;] [main] j.LocalContainerEntityManagerFactoryBean : Building JPA container EntityManagerFactory for persistence unit 'default'
2025-04-19T16:01:51.129+05:30  INFO 896 --- [demo;] [main] o.hibernate.jpa.internal.util.LogHelper  : HHH000204: Processing PersistenceUnitInfo [name: default]
2025-04-19T16:01:51.244+05:30  INFO 896 --- [demo;] [main] org.hibernate.Version                    : HHH000412: Hibernate ORM core version 6.6.11.Final
2025-04-19T16:01:51.315+05:30  INFO 896 --- [demo;] [main] o.h.c.internal.RegionFactoryInitiator    : HHH000026: Second-level cache disabled
2025-04-19T16:01:51.628+05:30  INFO 896 --- [demo;] [main] o.s.o.j.p.SpringPersistenceUnitInfo      : No LoadTimeWeaver setup: ignoring JPA class transformer
2025-04-19T16:01:51.661+05:30  INFO 896 --- [demo;] [main] com.zaxxer.hikari.HikariDataSource       : HikariPool-1 - Starting...
2025-04-19T16:01:51.892+05:30  INFO 896 --- [demo;] [main] com.zaxxer.hikari.pool.HikariPool        : HikariPool-1 - Added connection com.mysql.cj.jdbc.ConnectionImpl@74f4a2ba
2025-04-19T16:01:51.894+05:30  INFO 896 --- [demo;] [main] com.zaxxer.hikari.HikariDataSource       : HikariPool-1 - Start completed.
2025-04-19T16:01:51.975+05:30  WARN 896 --- [demo;] [main] org.hibernate.orm.deprecation            : HHH90000025: MySQL8Dialect does not need to be specified explicitly using 'hibernate.dialect' (remove the property setting and it will be selected by default)
2025-04-19T16:01:51.976+05:30  WARN 896 --- [demo;] [main] org.hibernate.orm.deprecation            : HHH90000026: MySQL8Dialect has been deprecated; use org.hibernate.dialect.MySQLDialect instead
2025-04-19T16:01:51.995+05:30  INFO 896 --- [demo;] [main] org.hibernate.orm.connections.pooling    : HHH10001005: Database info:
	Database JDBC URL [Connecting through datasource 'HikariDataSource (HikariPool-1)']
	Database driver: undefined/unknown
	Database version: 8.0
	Autocommit mode: undefined/unknown
	Isolation level: undefined/unknown
	Minimum pool size: undefined/unknown
	Maximum pool size: undefined/unknown
2025-04-19T16:01:52.769+05:30  INFO 896 --- [demo;] [main] o.h.e.t.j.p.i.JtaPlatformInitiator       : HHH000489: No JTA platform available (set 'hibernate.transaction.jta.platform' to enable JTA platform integration)
2025-04-19T16:01:52.855+05:30  INFO 896 --- [demo;] [main] j.LocalContainerEntityManagerFactoryBean : Initialized JPA EntityManagerFactory for persistence unit 'default'
2025-04-19T16:01:52.942+05:30 DEBUG 896 --- [demo;] [main] tor$SharedEntityManagerInvocationHandler : Creating new EntityManager for shared EntityManager invocation
2025-04-19T16:01:52.970+05:30 DEBUG 896 --- [demo;] [main] tor$SharedEntityManagerInvocationHandler : Creating new EntityManager for shared EntityManager invocation
2025-04-19T16:01:53.019+05:30 DEBUG 896 --- [demo;] [main] tor$SharedEntityManagerInvocationHandler : Creating new EntityManager for shared EntityManager invocation
2025-04-19T16:01:53.157+05:30  WARN 896 --- [demo;] [main] JpaBaseConfiguration$JpaWebConfiguration : spring.jpa.open-in-view is enabled by default. Therefore, database queries may be performed during view rendering. Explicitly configure spring.jpa.open-in-view to disable this warning
2025-04-19T16:01:53.601+05:30  INFO 896 --- [demo;] [main] o.s.b.w.embedded.tomcat.TomcatWebServer  : Tomcat started on port 8080 (http) with context path '/'
2025-04-19T16:01:53.611+05:30  INFO 896 --- [demo;] [main] com.example.Lab10.Lab10Application       : Started Lab10Application in 4.881 seconds (process running for 5.272)
2025-04-19T16:03:03.753+05:30  INFO 896 --- [demo;] [http-nio-8080-exec-1] o.a.c.c.C.[Tomcat].[localhost].[/]       : Initializing Spring DispatcherServlet 'dispatcherServlet'
2025-04-19T16:03:03.755+05:30  INFO 896 --- [demo;] [http-nio-8080-exec-1] o.s.web.servlet.DispatcherServlet        : Initializing Servlet 'dispatcherServlet'
2025-04-19T16:03:03.757+05:30  INFO 896 --- [demo;] [http-nio-8080-exec-1] o.s.web.servlet.DispatcherServlet        : Completed initialization in 2 ms
2025-04-19T16:03:03.777+05:30  WARN 896 --- [demo;] [http-nio-8080-exec-1] o.s.web.servlet.PageNotFound             : No mapping for GET /
2025-04-19T16:03:03.801+05:30 ERROR 896 --- [demo;] [http-nio-8080-exec-1] c.e.L.exception.GlobalExceptionHandler   : Unhandled exception: No endpoint GET /.
2025-04-19T16:03:06.828+05:30  WARN 896 --- [demo;] [http-nio-8080-exec-2] o.s.web.servlet.PageNotFound             : No mapping for GET /con
2025-04-19T16:03:06.831+05:30 ERROR 896 --- [demo;] [http-nio-8080-exec-2] c.e.L.exception.GlobalExceptionHandler   : Unhandled exception: No endpoint GET /con.
2025-04-19T16:03:06.952+05:30  WARN 896 --- [demo;] [http-nio-8080-exec-3] o.s.web.servlet.PageNotFound             : No mapping for GET /favicon.ico
2025-04-19T16:03:06.954+05:30 ERROR 896 --- [demo;] [http-nio-8080-exec-3] c.e.L.exception.GlobalExceptionHandler   : Unhandled exception: No endpoint GET /favicon.ico.
2025-04-19T16:04:08.316+05:30  INFO 14104 --- [demo;] [main] com.example.Lab10.Lab10Application       : Starting Lab10Application using Java 22.0.2 with PID 14104 (C:\Users\Arko\Desktop\LOCKED IN IFT LAB\Lab10\target\classes started by Arko in C:\Users\Arko\Desktop\LOCKED IN IFT LAB\Lab10)
2025-04-19T16:04:08.318+05:30  INFO 14104 --- [demo;] [main] com.example.Lab10.Lab10Application       : No active profile set, falling back to 1 default profile: "default"
2025-04-19T16:04:09.021+05:30  INFO 14104 --- [demo;] [main] .s.d.r.c.RepositoryConfigurationDelegate : Bootstrapping Spring Data JPA repositories in DEFAULT mode.
2025-04-19T16:04:09.085+05:30  INFO 14104 --- [demo;] [main] .s.d.r.c.RepositoryConfigurationDelegate : Finished Spring Data repository scanning in 52 ms. Found 1 JPA repository interface.
2025-04-19T16:04:09.607+05:30  INFO 14104 --- [demo;] [main] o.s.b.w.embedded.tomcat.TomcatWebServer  : Tomcat initialized with port 8080 (http)
2025-04-19T16:04:09.628+05:30  INFO 14104 --- [demo;] [main] o.apache.catalina.core.StandardService   : Starting service [Tomcat]
2025-04-19T16:04:09.628+05:30  INFO 14104 --- [demo;] [main] o.apache.catalina.core.StandardEngine    : Starting Servlet engine: [Apache Tomcat/10.1.39]
2025-04-19T16:04:09.714+05:30  INFO 14104 --- [demo;] [main] o.a.c.c.C.[Tomcat].[localhost].[/]       : Initializing Spring embedded WebApplicationContext
2025-04-19T16:04:09.714+05:30  INFO 14104 --- [demo;] [main] w.s.c.ServletWebServerApplicationContext : Root WebApplicationContext: initialization completed in 1347 ms
2025-04-19T16:04:09.902+05:30 DEBUG 14104 --- [demo;] [main] j.LocalContainerEntityManagerFactoryBean : Building JPA container EntityManagerFactory for persistence unit 'default'
2025-04-19T16:04:09.929+05:30  INFO 14104 --- [demo;] [main] o.hibernate.jpa.internal.util.LogHelper  : HHH000204: Processing PersistenceUnitInfo [name: default]
2025-04-19T16:04:10.007+05:30  INFO 14104 --- [demo;] [main] org.hibernate.Version                    : HHH000412: Hibernate ORM core version 6.6.11.Final
2025-04-19T16:04:10.039+05:30  INFO 14104 --- [demo;] [main] o.h.c.internal.RegionFactoryInitiator    : HHH000026: Second-level cache disabled
2025-04-19T16:04:10.336+05:30  INFO 14104 --- [demo;] [main] o.s.o.j.p.SpringPersistenceUnitInfo      : No LoadTimeWeaver setup: ignoring JPA class transformer
2025-04-19T16:04:10.366+05:30  INFO 14104 --- [demo;] [main] com.zaxxer.hikari.HikariDataSource       : HikariPool-1 - Starting...
2025-04-19T16:04:10.542+05:30  INFO 14104 --- [demo;] [main] com.zaxxer.hikari.pool.HikariPool        : HikariPool-1 - Added connection com.mysql.cj.jdbc.ConnectionImpl@67b560fe
2025-04-19T16:04:10.544+05:30  INFO 14104 --- [demo;] [main] com.zaxxer.hikari.HikariDataSource       : HikariPool-1 - Start completed.
2025-04-19T16:04:10.591+05:30  WARN 14104 --- [demo;] [main] org.hibernate.orm.deprecation            : HHH90000025: MySQL8Dialect does not need to be specified explicitly using 'hibernate.dialect' (remove the property setting and it will be selected by default)
2025-04-19T16:04:10.592+05:30  WARN 14104 --- [demo;] [main] org.hibernate.orm.deprecation            : HHH90000026: MySQL8Dialect has been deprecated; use org.hibernate.dialect.MySQLDialect instead
2025-04-19T16:04:10.609+05:30  INFO 14104 --- [demo;] [main] org.hibernate.orm.connections.pooling    : HHH10001005: Database info:
	Database JDBC URL [Connecting through datasource 'HikariDataSource (HikariPool-1)']
	Database driver: undefined/unknown
	Database version: 8.0
	Autocommit mode: undefined/unknown
	Isolation level: undefined/unknown
	Minimum pool size: undefined/unknown
	Maximum pool size: undefined/unknown
2025-04-19T16:04:11.383+05:30  INFO 14104 --- [demo;] [main] o.h.e.t.j.p.i.JtaPlatformInitiator       : HHH000489: No JTA platform available (set 'hibernate.transaction.jta.platform' to enable JTA platform integration)
2025-04-19T16:04:11.449+05:30  INFO 14104 --- [demo;] [main] j.LocalContainerEntityManagerFactoryBean : Initialized JPA EntityManagerFactory for persistence unit 'default'
2025-04-19T16:04:11.536+05:30 DEBUG 14104 --- [demo;] [main] tor$SharedEntityManagerInvocationHandler : Creating new EntityManager for shared EntityManager invocation
2025-04-19T16:04:11.571+05:30 DEBUG 14104 --- [demo;] [main] tor$SharedEntityManagerInvocationHandler : Creating new EntityManager for shared EntityManager invocation
2025-04-19T16:04:11.629+05:30 DEBUG 14104 --- [demo;] [main] tor$SharedEntityManagerInvocationHandler : Creating new EntityManager for shared EntityManager invocation
2025-04-19T16:04:11.806+05:30  WARN 14104 --- [demo;] [main] JpaBaseConfiguration$JpaWebConfiguration : spring.jpa.open-in-view is enabled by default. Therefore, database queries may be performed during view rendering. Explicitly configure spring.jpa.open-in-view to disable this warning
2025-04-19T16:04:12.313+05:30  INFO 14104 --- [demo;] [main] o.s.b.w.embedded.tomcat.TomcatWebServer  : Tomcat started on port 8080 (http) with context path '/'
2025-04-19T16:04:12.321+05:30  INFO 14104 --- [demo;] [main] com.example.Lab10.Lab10Application       : Started Lab10Application in 4.567 seconds (process running for 4.886)
2025-04-19T16:04:21.345+05:30  INFO 14104 --- [demo;] [http-nio-8080-exec-1] o.a.c.c.C.[Tomcat].[localhost].[/]       : Initializing Spring DispatcherServlet 'dispatcherServlet'
2025-04-19T16:04:21.345+05:30  INFO 14104 --- [demo;] [http-nio-8080-exec-1] o.s.web.servlet.DispatcherServlet        : Initializing Servlet 'dispatcherServlet'
2025-04-19T16:04:21.346+05:30  INFO 14104 --- [demo;] [http-nio-8080-exec-1] o.s.web.servlet.DispatcherServlet        : Completed initialization in 1 ms
2025-04-19T16:04:21.365+05:30  WARN 14104 --- [demo;] [http-nio-8080-exec-1] o.s.web.servlet.PageNotFound             : No mapping for GET /con
2025-04-19T16:04:21.377+05:30 ERROR 14104 --- [demo;] [http-nio-8080-exec-1] c.e.L.exception.GlobalExceptionHandler   : Unhandled exception: No endpoint GET /con.
2025-04-19T16:04:21.444+05:30  WARN 14104 --- [demo;] [http-nio-8080-exec-2] o.s.web.servlet.PageNotFound             : No mapping for GET /favicon.ico
2025-04-19T16:04:21.446+05:30 ERROR 14104 --- [demo;] [http-nio-8080-exec-2] c.e.L.exception.GlobalExceptionHandler   : Unhandled exception: No endpoint GET /favicon.ico.
2025-04-19T16:16:59.503+05:30  INFO 16024 --- [demo;] [main] com.example.Lab10.Lab10Application       : Starting Lab10Application using Java 22.0.2 with PID 16024 (C:\Users\Arko\Desktop\LOCKED IN IFT LAB\Lab10\target\classes started by Arko in C:\Users\Arko\Desktop\LOCKED IN IFT LAB\Lab10)
2025-04-19T16:16:59.506+05:30  INFO 16024 --- [demo;] [main] com.example.Lab10.Lab10Application       : No active profile set, falling back to 1 default profile: "default"
2025-04-19T16:17:00.190+05:30  INFO 16024 --- [demo;] [main] .s.d.r.c.RepositoryConfigurationDelegate : Bootstrapping Spring Data JPA repositories in DEFAULT mode.
2025-04-19T16:17:00.255+05:30  INFO 16024 --- [demo;] [main] .s.d.r.c.RepositoryConfigurationDelegate : Finished Spring Data repository scanning in 51 ms. Found 1 JPA repository interface.
2025-04-19T16:17:00.729+05:30  INFO 16024 --- [demo;] [main] o.s.b.w.embedded.tomcat.TomcatWebServer  : Tomcat initialized with port 8080 (http)
2025-04-19T16:17:00.746+05:30  INFO 16024 --- [demo;] [main] o.apache.catalina.core.StandardService   : Starting service [Tomcat]
2025-04-19T16:17:00.747+05:30  INFO 16024 --- [demo;] [main] o.apache.catalina.core.StandardEngine    : Starting Servlet engine: [Apache Tomcat/10.1.39]
2025-04-19T16:17:00.824+05:30  INFO 16024 --- [demo;] [main] o.a.c.c.C.[Tomcat].[localhost].[/]       : Initializing Spring embedded WebApplicationContext
2025-04-19T16:17:00.824+05:30  INFO 16024 --- [demo;] [main] w.s.c.ServletWebServerApplicationContext : Root WebApplicationContext: initialization completed in 1271 ms
2025-04-19T16:17:01.004+05:30 DEBUG 16024 --- [demo;] [main] j.LocalContainerEntityManagerFactoryBean : Building JPA container EntityManagerFactory for persistence unit 'default'
2025-04-19T16:17:01.054+05:30  INFO 16024 --- [demo;] [main] o.hibernate.jpa.internal.util.LogHelper  : HHH000204: Processing PersistenceUnitInfo [name: default]
2025-04-19T16:17:01.160+05:30  INFO 16024 --- [demo;] [main] org.hibernate.Version                    : HHH000412: Hibernate ORM core version 6.6.11.Final
2025-04-19T16:17:01.205+05:30  INFO 16024 --- [demo;] [main] o.h.c.internal.RegionFactoryInitiator    : HHH000026: Second-level cache disabled
2025-04-19T16:17:01.511+05:30  INFO 16024 --- [demo;] [main] o.s.o.j.p.SpringPersistenceUnitInfo      : No LoadTimeWeaver setup: ignoring JPA class transformer
2025-04-19T16:17:01.543+05:30  INFO 16024 --- [demo;] [main] com.zaxxer.hikari.HikariDataSource       : HikariPool-1 - Starting...
2025-04-19T16:17:01.717+05:30  INFO 16024 --- [demo;] [main] com.zaxxer.hikari.pool.HikariPool        : HikariPool-1 - Added connection com.mysql.cj.jdbc.ConnectionImpl@36b53f08
2025-04-19T16:17:01.719+05:30  INFO 16024 --- [demo;] [main] com.zaxxer.hikari.HikariDataSource       : HikariPool-1 - Start completed.
2025-04-19T16:17:01.762+05:30  WARN 16024 --- [demo;] [main] org.hibernate.orm.deprecation            : HHH90000025: MySQL8Dialect does not need to be specified explicitly using 'hibernate.dialect' (remove the property setting and it will be selected by default)
2025-04-19T16:17:01.763+05:30  WARN 16024 --- [demo;] [main] org.hibernate.orm.deprecation            : HHH90000026: MySQL8Dialect has been deprecated; use org.hibernate.dialect.MySQLDialect instead
2025-04-19T16:17:01.782+05:30  INFO 16024 --- [demo;] [main] org.hibernate.orm.connections.pooling    : HHH10001005: Database info:
	Database JDBC URL [Connecting through datasource 'HikariDataSource (HikariPool-1)']
	Database driver: undefined/unknown
	Database version: 8.0
	Autocommit mode: undefined/unknown
	Isolation level: undefined/unknown
	Minimum pool size: undefined/unknown
	Maximum pool size: undefined/unknown
2025-04-19T16:17:02.524+05:30  INFO 16024 --- [demo;] [main] o.h.e.t.j.p.i.JtaPlatformInitiator       : HHH000489: No JTA platform available (set 'hibernate.transaction.jta.platform' to enable JTA platform integration)
2025-04-19T16:17:02.606+05:30  INFO 16024 --- [demo;] [main] j.LocalContainerEntityManagerFactoryBean : Initialized JPA EntityManagerFactory for persistence unit 'default'
2025-04-19T16:17:02.685+05:30 DEBUG 16024 --- [demo;] [main] tor$SharedEntityManagerInvocationHandler : Creating new EntityManager for shared EntityManager invocation
2025-04-19T16:17:02.715+05:30 DEBUG 16024 --- [demo;] [main] tor$SharedEntityManagerInvocationHandler : Creating new EntityManager for shared EntityManager invocation
2025-04-19T16:17:02.758+05:30 DEBUG 16024 --- [demo;] [main] tor$SharedEntityManagerInvocationHandler : Creating new EntityManager for shared EntityManager invocation
2025-04-19T16:17:02.900+05:30  WARN 16024 --- [demo;] [main] JpaBaseConfiguration$JpaWebConfiguration : spring.jpa.open-in-view is enabled by default. Therefore, database queries may be performed during view rendering. Explicitly configure spring.jpa.open-in-view to disable this warning
2025-04-19T16:17:03.232+05:30  INFO 16024 --- [demo;] [main] o.s.b.w.embedded.tomcat.TomcatWebServer  : Tomcat started on port 8080 (http) with context path '/'
2025-04-19T16:17:03.240+05:30  INFO 16024 --- [demo;] [main] com.example.Lab10.Lab10Application       : Started Lab10Application in 4.248 seconds (process running for 4.577)
2025-04-19T16:17:16.363+05:30  INFO 16024 --- [demo;] [http-nio-8080-exec-1] o.a.c.c.C.[Tomcat].[localhost].[/]       : Initializing Spring DispatcherServlet 'dispatcherServlet'
2025-04-19T16:17:16.363+05:30  INFO 16024 --- [demo;] [http-nio-8080-exec-1] o.s.web.servlet.DispatcherServlet        : Initializing Servlet 'dispatcherServlet'
2025-04-19T16:17:16.365+05:30  INFO 16024 --- [demo;] [http-nio-8080-exec-1] o.s.web.servlet.DispatcherServlet        : Completed initialization in 1 ms
2025-04-19T16:17:16.382+05:30  WARN 16024 --- [demo;] [http-nio-8080-exec-1] o.s.web.servlet.PageNotFound             : No mapping for GET /con
2025-04-19T16:17:16.392+05:30 ERROR 16024 --- [demo;] [http-nio-8080-exec-1] c.e.L.exception.GlobalExceptionHandler   : Unhandled exception: No endpoint GET /con.
2025-04-19T16:17:16.449+05:30  WARN 16024 --- [demo;] [http-nio-8080-exec-3] o.s.web.servlet.PageNotFound             : No mapping for GET /favicon.ico
2025-04-19T16:17:16.451+05:30 ERROR 16024 --- [demo;] [http-nio-8080-exec-3] c.e.L.exception.GlobalExceptionHandler   : Unhandled exception: No endpoint GET /favicon.ico.
2025-04-19T16:17:21.818+05:30  WARN 16024 --- [demo;] [http-nio-8080-exec-2] o.s.web.servlet.PageNotFound             : No mapping for GET /
2025-04-19T16:17:21.818+05:30 ERROR 16024 --- [demo;] [http-nio-8080-exec-2] c.e.L.exception.GlobalExceptionHandler   : Unhandled exception: No endpoint GET /.
2025-04-19T16:17:26.985+05:30  WARN 16024 --- [demo;] [http-nio-8080-exec-6] o.s.web.servlet.PageNotFound             : No mapping for GET /generate
2025-04-19T16:17:26.990+05:30 ERROR 16024 --- [demo;] [http-nio-8080-exec-6] c.e.L.exception.GlobalExceptionHandler   : Unhandled exception: No endpoint GET /generate.
2025-04-19T16:17:27.111+05:30  WARN 16024 --- [demo;] [http-nio-8080-exec-5] o.s.web.servlet.PageNotFound             : No mapping for GET /favicon.ico
2025-04-19T16:17:27.118+05:30 ERROR 16024 --- [demo;] [http-nio-8080-exec-5] c.e.L.exception.GlobalExceptionHandler   : Unhandled exception: No endpoint GET /favicon.ico.
2025-04-19T16:44:30.726+05:30  INFO 2776 --- [demo;] [main] com.example.Lab10.Lab10Application       : Starting Lab10Application using Java 22.0.2 with PID 2776 (C:\Users\Arko\Desktop\LOCKED IN IFT LAB\Lab10\target\classes started by Arko in C:\Users\Arko\Desktop\LOCKED IN IFT LAB\Lab10)
2025-04-19T16:44:30.733+05:30  INFO 2776 --- [demo;] [main] com.example.Lab10.Lab10Application       : No active profile set, falling back to 1 default profile: "default"
2025-04-19T16:44:31.774+05:30  INFO 2776 --- [demo;] [main] .s.d.r.c.RepositoryConfigurationDelegate : Bootstrapping Spring Data JPA repositories in DEFAULT mode.
2025-04-19T16:44:31.857+05:30  INFO 2776 --- [demo;] [main] .s.d.r.c.RepositoryConfigurationDelegate : Finished Spring Data repository scanning in 67 ms. Found 1 JPA repository interface.
2025-04-19T16:44:32.537+05:30  INFO 2776 --- [demo;] [main] o.s.b.w.embedded.tomcat.TomcatWebServer  : Tomcat initialized with port 8080 (http)
2025-04-19T16:44:32.559+05:30  INFO 2776 --- [demo;] [main] o.apache.catalina.core.StandardService   : Starting service [Tomcat]
2025-04-19T16:44:32.559+05:30  INFO 2776 --- [demo;] [main] o.apache.catalina.core.StandardEngine    : Starting Servlet engine: [Apache Tomcat/10.1.39]
2025-04-19T16:44:32.659+05:30  INFO 2776 --- [demo;] [main] o.a.c.c.C.[Tomcat].[localhost].[/]       : Initializing Spring embedded WebApplicationContext
2025-04-19T16:44:32.660+05:30  INFO 2776 --- [demo;] [main] w.s.c.ServletWebServerApplicationContext : Root WebApplicationContext: initialization completed in 1862 ms
2025-04-19T16:44:32.943+05:30 DEBUG 2776 --- [demo;] [main] j.LocalContainerEntityManagerFactoryBean : Building JPA container EntityManagerFactory for persistence unit 'default'
2025-04-19T16:44:32.997+05:30  INFO 2776 --- [demo;] [main] o.hibernate.jpa.internal.util.LogHelper  : HHH000204: Processing PersistenceUnitInfo [name: default]
2025-04-19T16:44:33.088+05:30  INFO 2776 --- [demo;] [main] org.hibernate.Version                    : HHH000412: Hibernate ORM core version 6.6.11.Final
2025-04-19T16:44:33.141+05:30  INFO 2776 --- [demo;] [main] o.h.c.internal.RegionFactoryInitiator    : HHH000026: Second-level cache disabled
2025-04-19T16:44:33.493+05:30  INFO 2776 --- [demo;] [main] o.s.o.j.p.SpringPersistenceUnitInfo      : No LoadTimeWeaver setup: ignoring JPA class transformer
2025-04-19T16:44:33.536+05:30  INFO 2776 --- [demo;] [main] com.zaxxer.hikari.HikariDataSource       : HikariPool-1 - Starting...
2025-04-19T16:44:33.797+05:30  INFO 2776 --- [demo;] [main] com.zaxxer.hikari.pool.HikariPool        : HikariPool-1 - Added connection com.mysql.cj.jdbc.ConnectionImpl@6fd1ea75
2025-04-19T16:44:33.800+05:30  INFO 2776 --- [demo;] [main] com.zaxxer.hikari.HikariDataSource       : HikariPool-1 - Start completed.
2025-04-19T16:44:33.870+05:30  WARN 2776 --- [demo;] [main] org.hibernate.orm.deprecation            : HHH90000025: MySQL8Dialect does not need to be specified explicitly using 'hibernate.dialect' (remove the property setting and it will be selected by default)
2025-04-19T16:44:33.872+05:30  WARN 2776 --- [demo;] [main] org.hibernate.orm.deprecation            : HHH90000026: MySQL8Dialect has been deprecated; use org.hibernate.dialect.MySQLDialect instead
2025-04-19T16:44:33.902+05:30  INFO 2776 --- [demo;] [main] org.hibernate.orm.connections.pooling    : HHH10001005: Database info:
	Database JDBC URL [Connecting through datasource 'HikariDataSource (HikariPool-1)']
	Database driver: undefined/unknown
	Database version: 8.0
	Autocommit mode: undefined/unknown
	Isolation level: undefined/unknown
	Minimum pool size: undefined/unknown
	Maximum pool size: undefined/unknown
2025-04-19T16:44:34.981+05:30  INFO 2776 --- [demo;] [main] o.h.e.t.j.p.i.JtaPlatformInitiator       : HHH000489: No JTA platform available (set 'hibernate.transaction.jta.platform' to enable JTA platform integration)
2025-04-19T16:44:35.121+05:30  INFO 2776 --- [demo;] [main] j.LocalContainerEntityManagerFactoryBean : Initialized JPA EntityManagerFactory for persistence unit 'default'
2025-04-19T16:44:35.249+05:30 DEBUG 2776 --- [demo;] [main] tor$SharedEntityManagerInvocationHandler : Creating new EntityManager for shared EntityManager invocation
2025-04-19T16:44:35.303+05:30 DEBUG 2776 --- [demo;] [main] tor$SharedEntityManagerInvocationHandler : Creating new EntityManager for shared EntityManager invocation
2025-04-19T16:44:35.398+05:30 DEBUG 2776 --- [demo;] [main] tor$SharedEntityManagerInvocationHandler : Creating new EntityManager for shared EntityManager invocation
2025-04-19T16:44:35.642+05:30  WARN 2776 --- [demo;] [main] JpaBaseConfiguration$JpaWebConfiguration : spring.jpa.open-in-view is enabled by default. Therefore, database queries may be performed during view rendering. Explicitly configure spring.jpa.open-in-view to disable this warning
2025-04-19T16:44:36.349+05:30  INFO 2776 --- [demo;] [main] o.s.b.w.embedded.tomcat.TomcatWebServer  : Tomcat started on port 8080 (http) with context path '/'
2025-04-19T16:44:36.363+05:30  INFO 2776 --- [demo;] [main] com.example.Lab10.Lab10Application       : Started Lab10Application in 6.489 seconds (process running for 6.963)
2025-04-19T16:45:37.409+05:30  INFO 2776 --- [demo;] [http-nio-8080-exec-2] o.a.c.c.C.[Tomcat].[localhost].[/]       : Initializing Spring DispatcherServlet 'dispatcherServlet'
2025-04-19T16:45:37.412+05:30  INFO 2776 --- [demo;] [http-nio-8080-exec-2] o.s.web.servlet.DispatcherServlet        : Initializing Servlet 'dispatcherServlet'
2025-04-19T16:45:37.416+05:30  INFO 2776 --- [demo;] [http-nio-8080-exec-2] o.s.web.servlet.DispatcherServlet        : Completed initialization in 2 ms
2025-04-19T16:45:37.434+05:30  WARN 2776 --- [demo;] [http-nio-8080-exec-2] o.s.web.servlet.PageNotFound             : No mapping for POST /customers/bulk
2025-04-19T16:45:37.446+05:30 ERROR 2776 --- [demo;] [http-nio-8080-exec-2] c.e.L.exception.GlobalExceptionHandler   : Unhandled exception: No endpoint POST /customers/bulk.
2025-04-19T16:48:20.698+05:30 DEBUG 2776 --- [demo;] [http-nio-8080-exec-4] o.j.s.OpenEntityManagerInViewInterceptor : Opening JPA EntityManager in OpenEntityManagerInViewInterceptor
2025-04-19T16:48:20.756+05:30 DEBUG 2776 --- [demo;] [http-nio-8080-exec-4] o.s.orm.jpa.JpaTransactionManager        : Found thread-bound EntityManager [SessionImpl(1446620725<open>)] for JPA transaction
2025-04-19T16:48:20.756+05:30 DEBUG 2776 --- [demo;] [http-nio-8080-exec-4] o.s.orm.jpa.JpaTransactionManager        : Creating new transaction with name [com.example.Lab10.service.UserService.generateBulkCustomers]: PROPAGATION_REQUIRED,ISOLATION_DEFAULT
2025-04-19T16:48:20.773+05:30 DEBUG 2776 --- [demo;] [http-nio-8080-exec-4] o.s.orm.jpa.JpaTransactionManager        : Exposing JPA transaction as JDBC [org.springframework.orm.jpa.vendor.HibernateJpaDialect$HibernateConnectionHandle@5b90d1ec]
2025-04-19T16:48:21.104+05:30 DEBUG 2776 --- [demo;] [http-nio-8080-exec-4] o.s.orm.jpa.JpaTransactionManager        : Found thread-bound EntityManager [SessionImpl(1446620725<open>)] for JPA transaction
2025-04-19T16:48:21.104+05:30 DEBUG 2776 --- [demo;] [http-nio-8080-exec-4] o.s.orm.jpa.JpaTransactionManager        : Participating in existing transaction
2025-04-19T16:48:21.337+05:30 DEBUG 2776 --- [demo;] [http-nio-8080-exec-4] o.s.orm.jpa.JpaTransactionManager        : Initiating transaction commit
2025-04-19T16:48:21.343+05:30 DEBUG 2776 --- [demo;] [http-nio-8080-exec-4] o.s.orm.jpa.JpaTransactionManager        : Committing JPA transaction on EntityManager [SessionImpl(1446620725<open>)]
2025-04-19T16:48:21.423+05:30 DEBUG 2776 --- [demo;] [http-nio-8080-exec-4] o.s.orm.jpa.JpaTransactionManager        : Not closing pre-bound JPA EntityManager after transaction
2025-04-19T16:48:21.543+05:30 DEBUG 2776 --- [demo;] [http-nio-8080-exec-4] o.j.s.OpenEntityManagerInViewInterceptor : Closing JPA EntityManager in OpenEntityManagerInViewInterceptor
2025-04-19T17:00:35.358+05:30 DEBUG 2776 --- [demo;] [http-nio-8080-exec-6] o.j.s.OpenEntityManagerInViewInterceptor : Opening JPA EntityManager in OpenEntityManagerInViewInterceptor
2025-04-19T17:00:35.386+05:30 DEBUG 2776 --- [demo;] [http-nio-8080-exec-6] o.s.orm.jpa.JpaTransactionManager        : Found thread-bound EntityManager [SessionImpl(371574440<open>)] for JPA transaction
2025-04-19T17:00:35.386+05:30 DEBUG 2776 --- [demo;] [http-nio-8080-exec-6] o.s.orm.jpa.JpaTransactionManager        : Creating new transaction with name [com.example.Lab10.service.UserService.generateBulkCustomers]: PROPAGATION_REQUIRED,ISOLATION_DEFAULT
2025-04-19T17:00:35.393+05:30 DEBUG 2776 --- [demo;] [http-nio-8080-exec-6] o.s.orm.jpa.JpaTransactionManager        : Exposing JPA transaction as JDBC [org.springframework.orm.jpa.vendor.HibernateJpaDialect$HibernateConnectionHandle@18e23a1c]
2025-04-19T17:00:35.407+05:30 DEBUG 2776 --- [demo;] [http-nio-8080-exec-6] o.s.orm.jpa.JpaTransactionManager        : Found thread-bound EntityManager [SessionImpl(371574440<open>)] for JPA transaction
2025-04-19T17:00:35.407+05:30 DEBUG 2776 --- [demo;] [http-nio-8080-exec-6] o.s.orm.jpa.JpaTransactionManager        : Participating in existing transaction
2025-04-19T17:00:35.432+05:30 DEBUG 2776 --- [demo;] [http-nio-8080-exec-6] o.s.orm.jpa.JpaTransactionManager        : Initiating transaction commit
2025-04-19T17:00:35.433+05:30 DEBUG 2776 --- [demo;] [http-nio-8080-exec-6] o.s.orm.jpa.JpaTransactionManager        : Committing JPA transaction on EntityManager [SessionImpl(371574440<open>)]
2025-04-19T17:00:35.444+05:30 DEBUG 2776 --- [demo;] [http-nio-8080-exec-6] o.s.orm.jpa.JpaTransactionManager        : Not closing pre-bound JPA EntityManager after transaction
2025-04-19T17:00:35.457+05:30 DEBUG 2776 --- [demo;] [http-nio-8080-exec-6] o.j.s.OpenEntityManagerInViewInterceptor : Closing JPA EntityManager in OpenEntityManagerInViewInterceptor
2025-04-19T17:02:40.388+05:30 DEBUG 2776 --- [demo;] [http-nio-8080-exec-9] o.j.s.OpenEntityManagerInViewInterceptor : Opening JPA EntityManager in OpenEntityManagerInViewInterceptor
2025-04-19T17:02:40.397+05:30 DEBUG 2776 --- [demo;] [http-nio-8080-exec-9] o.s.orm.jpa.JpaTransactionManager        : Found thread-bound EntityManager [SessionImpl(386271131<open>)] for JPA transaction
2025-04-19T17:02:40.397+05:30 DEBUG 2776 --- [demo;] [http-nio-8080-exec-9] o.s.orm.jpa.JpaTransactionManager        : Creating new transaction with name [com.example.Lab10.service.UserService.generateBulkCustomers]: PROPAGATION_REQUIRED,ISOLATION_DEFAULT
2025-04-19T17:02:40.397+05:30 DEBUG 2776 --- [demo;] [http-nio-8080-exec-9] o.s.orm.jpa.JpaTransactionManager        : Exposing JPA transaction as JDBC [org.springframework.orm.jpa.vendor.HibernateJpaDialect$HibernateConnectionHandle@19c1eb0b]
2025-04-19T17:02:40.407+05:30 DEBUG 2776 --- [demo;] [http-nio-8080-exec-9] o.s.orm.jpa.JpaTransactionManager        : Found thread-bound EntityManager [SessionImpl(386271131<open>)] for JPA transaction
2025-04-19T17:02:40.407+05:30 DEBUG 2776 --- [demo;] [http-nio-8080-exec-9] o.s.orm.jpa.JpaTransactionManager        : Participating in existing transaction
2025-04-19T17:02:40.437+05:30 DEBUG 2776 --- [demo;] [http-nio-8080-exec-9] o.s.orm.jpa.JpaTransactionManager        : Initiating transaction commit
2025-04-19T17:02:40.441+05:30 DEBUG 2776 --- [demo;] [http-nio-8080-exec-9] o.s.orm.jpa.JpaTransactionManager        : Committing JPA transaction on EntityManager [SessionImpl(386271131<open>)]
2025-04-19T17:02:40.465+05:30 DEBUG 2776 --- [demo;] [http-nio-8080-exec-9] o.s.orm.jpa.JpaTransactionManager        : Not closing pre-bound JPA EntityManager after transaction
2025-04-19T17:02:40.465+05:30 DEBUG 2776 --- [demo;] [http-nio-8080-exec-9] o.j.s.OpenEntityManagerInViewInterceptor : Closing JPA EntityManager in OpenEntityManagerInViewInterceptor
2025-04-19T17:03:10.555+05:30 ERROR 2776 --- [demo;] [http-nio-8080-exec-3] c.e.L.exception.GlobalExceptionHandler   : Unhandled exception: Request method 'GET' is not supported
2025-04-19T17:03:10.666+05:30  WARN 2776 --- [demo;] [http-nio-8080-exec-2] o.s.web.servlet.PageNotFound             : No mapping for GET /favicon.ico
2025-04-19T17:03:10.671+05:30 ERROR 2776 --- [demo;] [http-nio-8080-exec-2] c.e.L.exception.GlobalExceptionHandler   : Unhandled exception: No endpoint GET /favicon.ico.
2025-04-19T17:22:56.504+05:30 DEBUG 2776 --- [demo;] [http-nio-8080-exec-5] o.j.s.OpenEntityManagerInViewInterceptor : Opening JPA EntityManager in OpenEntityManagerInViewInterceptor
2025-04-19T17:22:56.544+05:30 DEBUG 2776 --- [demo;] [http-nio-8080-exec-5] o.s.orm.jpa.JpaTransactionManager        : Found thread-bound EntityManager [SessionImpl(1135411323<open>)] for JPA transaction
2025-04-19T17:22:56.544+05:30 DEBUG 2776 --- [demo;] [http-nio-8080-exec-5] o.s.orm.jpa.JpaTransactionManager        : Creating new transaction with name [com.example.Lab10.service.UserService.generateBulkCustomers]: PROPAGATION_REQUIRED,ISOLATION_DEFAULT
2025-04-19T17:22:56.551+05:30 DEBUG 2776 --- [demo;] [http-nio-8080-exec-5] o.s.orm.jpa.JpaTransactionManager        : Exposing JPA transaction as JDBC [org.springframework.orm.jpa.vendor.HibernateJpaDialect$HibernateConnectionHandle@4d6af67e]
2025-04-19T17:22:56.562+05:30 DEBUG 2776 --- [demo;] [http-nio-8080-exec-5] o.s.orm.jpa.JpaTransactionManager        : Found thread-bound EntityManager [SessionImpl(1135411323<open>)] for JPA transaction
2025-04-19T17:22:56.562+05:30 DEBUG 2776 --- [demo;] [http-nio-8080-exec-5] o.s.orm.jpa.JpaTransactionManager        : Participating in existing transaction
2025-04-19T17:22:56.602+05:30 DEBUG 2776 --- [demo;] [http-nio-8080-exec-5] o.s.orm.jpa.JpaTransactionManager        : Initiating transaction commit
2025-04-19T17:22:56.602+05:30 DEBUG 2776 --- [demo;] [http-nio-8080-exec-5] o.s.orm.jpa.JpaTransactionManager        : Committing JPA transaction on EntityManager [SessionImpl(1135411323<open>)]
2025-04-19T17:22:56.643+05:30 DEBUG 2776 --- [demo;] [http-nio-8080-exec-5] o.s.orm.jpa.JpaTransactionManager        : Not closing pre-bound JPA EntityManager after transaction
2025-04-19T17:22:56.654+05:30 DEBUG 2776 --- [demo;] [http-nio-8080-exec-5] o.j.s.OpenEntityManagerInViewInterceptor : Closing JPA EntityManager in OpenEntityManagerInViewInterceptor
2025-04-19T17:25:48.955+05:30 DEBUG 2776 --- [demo;] [http-nio-8080-exec-8] o.j.s.OpenEntityManagerInViewInterceptor : Opening JPA EntityManager in OpenEntityManagerInViewInterceptor
2025-04-19T17:25:48.958+05:30 DEBUG 2776 --- [demo;] [http-nio-8080-exec-8] o.s.orm.jpa.JpaTransactionManager        : Found thread-bound EntityManager [SessionImpl(94050139<open>)] for JPA transaction
2025-04-19T17:25:48.958+05:30 DEBUG 2776 --- [demo;] [http-nio-8080-exec-8] o.s.orm.jpa.JpaTransactionManager        : Creating new transaction with name [com.example.Lab10.service.UserService.generateBulkCustomers]: PROPAGATION_REQUIRED,ISOLATION_DEFAULT
2025-04-19T17:25:48.958+05:30 DEBUG 2776 --- [demo;] [http-nio-8080-exec-8] o.s.orm.jpa.JpaTransactionManager        : Exposing JPA transaction as JDBC [org.springframework.orm.jpa.vendor.HibernateJpaDialect$HibernateConnectionHandle@b5ce998]
2025-04-19T17:25:48.963+05:30 DEBUG 2776 --- [demo;] [http-nio-8080-exec-8] o.s.orm.jpa.JpaTransactionManager        : Found thread-bound EntityManager [SessionImpl(94050139<open>)] for JPA transaction
2025-04-19T17:25:48.963+05:30 DEBUG 2776 --- [demo;] [http-nio-8080-exec-8] o.s.orm.jpa.JpaTransactionManager        : Participating in existing transaction
2025-04-19T17:25:48.973+05:30 DEBUG 2776 --- [demo;] [http-nio-8080-exec-8] o.s.orm.jpa.JpaTransactionManager        : Initiating transaction commit
2025-04-19T17:25:48.975+05:30 DEBUG 2776 --- [demo;] [http-nio-8080-exec-8] o.s.orm.jpa.JpaTransactionManager        : Committing JPA transaction on EntityManager [SessionImpl(94050139<open>)]
2025-04-19T17:25:48.987+05:30 DEBUG 2776 --- [demo;] [http-nio-8080-exec-8] o.s.orm.jpa.JpaTransactionManager        : Not closing pre-bound JPA EntityManager after transaction
2025-04-19T17:25:48.987+05:30 DEBUG 2776 --- [demo;] [http-nio-8080-exec-8] o.j.s.OpenEntityManagerInViewInterceptor : Closing JPA EntityManager in OpenEntityManagerInViewInterceptor
2025-04-19T17:27:41.245+05:30 DEBUG 2776 --- [demo;] [http-nio-8080-exec-3] o.j.s.OpenEntityManagerInViewInterceptor : Opening JPA EntityManager in OpenEntityManagerInViewInterceptor
2025-04-19T17:27:41.248+05:30 DEBUG 2776 --- [demo;] [http-nio-8080-exec-3] o.s.orm.jpa.JpaTransactionManager        : Found thread-bound EntityManager [SessionImpl(799637106<open>)] for JPA transaction
2025-04-19T17:27:41.249+05:30 DEBUG 2776 --- [demo;] [http-nio-8080-exec-3] o.s.orm.jpa.JpaTransactionManager        : Creating new transaction with name [com.example.Lab10.service.UserService.generateBulkCustomers]: PROPAGATION_REQUIRED,ISOLATION_DEFAULT
2025-04-19T17:27:41.252+05:30 DEBUG 2776 --- [demo;] [http-nio-8080-exec-3] o.s.orm.jpa.JpaTransactionManager        : Exposing JPA transaction as JDBC [org.springframework.orm.jpa.vendor.HibernateJpaDialect$HibernateConnectionHandle@17ab3644]
2025-04-19T17:27:41.636+05:30 DEBUG 2776 --- [demo;] [http-nio-8080-exec-3] o.s.orm.jpa.JpaTransactionManager        : Found thread-bound EntityManager [SessionImpl(799637106<open>)] for JPA transaction
2025-04-19T17:27:41.637+05:30 DEBUG 2776 --- [demo;] [http-nio-8080-exec-3] o.s.orm.jpa.JpaTransactionManager        : Participating in existing transaction
2025-04-19T17:27:43.857+05:30 DEBUG 2776 --- [demo;] [http-nio-8080-exec-3] o.s.orm.jpa.JpaTransactionManager        : Initiating transaction commit
2025-04-19T17:27:43.858+05:30 DEBUG 2776 --- [demo;] [http-nio-8080-exec-3] o.s.orm.jpa.JpaTransactionManager        : Committing JPA transaction on EntityManager [SessionImpl(799637106<open>)]
2025-04-19T17:27:45.128+05:30 DEBUG 2776 --- [demo;] [http-nio-8080-exec-3] o.s.orm.jpa.JpaTransactionManager        : Not closing pre-bound JPA EntityManager after transaction
2025-04-19T17:27:45.167+05:30 DEBUG 2776 --- [demo;] [http-nio-8080-exec-3] o.j.s.OpenEntityManagerInViewInterceptor : Closing JPA EntityManager in OpenEntityManagerInViewInterceptor
2025-04-19T17:27:59.024+05:30 DEBUG 2776 --- [demo;] [http-nio-8080-exec-2] o.j.s.OpenEntityManagerInViewInterceptor : Opening JPA EntityManager in OpenEntityManagerInViewInterceptor
2025-04-19T17:27:59.028+05:30 DEBUG 2776 --- [demo;] [http-nio-8080-exec-2] o.s.orm.jpa.JpaTransactionManager        : Found thread-bound EntityManager [SessionImpl(1200577220<open>)] for JPA transaction
2025-04-19T17:27:59.028+05:30 DEBUG 2776 --- [demo;] [http-nio-8080-exec-2] o.s.orm.jpa.JpaTransactionManager        : Creating new transaction with name [com.example.Lab10.service.UserService.generateBulkCustomers]: PROPAGATION_REQUIRED,ISOLATION_DEFAULT
2025-04-19T17:27:59.032+05:30 DEBUG 2776 --- [demo;] [http-nio-8080-exec-2] o.s.orm.jpa.JpaTransactionManager        : Exposing JPA transaction as JDBC [org.springframework.orm.jpa.vendor.HibernateJpaDialect$HibernateConnectionHandle@7175f0c7]
2025-04-19T17:27:59.054+05:30 DEBUG 2776 --- [demo;] [http-nio-8080-exec-2] o.s.orm.jpa.JpaTransactionManager        : Found thread-bound EntityManager [SessionImpl(1200577220<open>)] for JPA transaction
2025-04-19T17:27:59.054+05:30 DEBUG 2776 --- [demo;] [http-nio-8080-exec-2] o.s.orm.jpa.JpaTransactionManager        : Participating in existing transaction
2025-04-19T17:27:59.255+05:30 DEBUG 2776 --- [demo;] [http-nio-8080-exec-2] o.s.orm.jpa.JpaTransactionManager        : Initiating transaction commit
2025-04-19T17:27:59.255+05:30 DEBUG 2776 --- [demo;] [http-nio-8080-exec-2] o.s.orm.jpa.JpaTransactionManager        : Committing JPA transaction on EntityManager [SessionImpl(1200577220<open>)]
2025-04-19T17:27:59.435+05:30 DEBUG 2776 --- [demo;] [http-nio-8080-exec-2] o.s.orm.jpa.JpaTransactionManager        : Not closing pre-bound JPA EntityManager after transaction
2025-04-19T17:27:59.439+05:30 DEBUG 2776 --- [demo;] [http-nio-8080-exec-2] o.j.s.OpenEntityManagerInViewInterceptor : Closing JPA EntityManager in OpenEntityManagerInViewInterceptor
2025-04-19T17:32:00.138+05:30 DEBUG 2776 --- [demo;] [http-nio-8080-exec-4] o.j.s.OpenEntityManagerInViewInterceptor : Opening JPA EntityManager in OpenEntityManagerInViewInterceptor
2025-04-19T17:32:00.159+05:30 DEBUG 2776 --- [demo;] [http-nio-8080-exec-4] o.s.orm.jpa.JpaTransactionManager        : Found thread-bound EntityManager [SessionImpl(1020324302<open>)] for JPA transaction
2025-04-19T17:32:00.161+05:30 DEBUG 2776 --- [demo;] [http-nio-8080-exec-4] o.s.orm.jpa.JpaTransactionManager        : Creating new transaction with name [com.example.Lab10.service.UserService.generateBulkCustomers]: PROPAGATION_REQUIRED,ISOLATION_DEFAULT
2025-04-19T17:32:00.169+05:30 DEBUG 2776 --- [demo;] [http-nio-8080-exec-4] o.s.orm.jpa.JpaTransactionManager        : Exposing JPA transaction as JDBC [org.springframework.orm.jpa.vendor.HibernateJpaDialect$HibernateConnectionHandle@79251c89]
2025-04-19T17:32:00.171+05:30 DEBUG 2776 --- [demo;] [http-nio-8080-exec-4] o.s.orm.jpa.JpaTransactionManager        : Found thread-bound EntityManager [SessionImpl(1020324302<open>)] for JPA transaction
2025-04-19T17:32:00.171+05:30 DEBUG 2776 --- [demo;] [http-nio-8080-exec-4] o.s.orm.jpa.JpaTransactionManager        : Participating in existing transaction
2025-04-19T17:32:00.171+05:30 DEBUG 2776 --- [demo;] [http-nio-8080-exec-4] o.s.orm.jpa.JpaTransactionManager        : Initiating transaction commit
2025-04-19T17:32:00.171+05:30 DEBUG 2776 --- [demo;] [http-nio-8080-exec-4] o.s.orm.jpa.JpaTransactionManager        : Committing JPA transaction on EntityManager [SessionImpl(1020324302<open>)]
2025-04-19T17:32:00.175+05:30 DEBUG 2776 --- [demo;] [http-nio-8080-exec-4] o.s.orm.jpa.JpaTransactionManager        : Not closing pre-bound JPA EntityManager after transaction
2025-04-19T17:32:00.188+05:30 DEBUG 2776 --- [demo;] [http-nio-8080-exec-4] o.j.s.OpenEntityManagerInViewInterceptor : Closing JPA EntityManager in OpenEntityManagerInViewInterceptor
